# gmm-init-model --write-occs=exp/tri1/1.occs exp/tri1/tree exp/tri1/treeacc data/lang/topo exp/tri1/1.mdl 
# Started at Mon Feb 25 10:33:20 CST 2019
#
gmm-init-model --write-occs=exp/tri1/1.occs exp/tri1/tree exp/tri1/treeacc data/lang/topo exp/tri1/1.mdl 
LOG (gmm-init-model[5.5]:main():gmm-init-model.cc:271) Number of separate statistics is 1145
WARNING (gmm-init-model[5.5]:InitAmGmm():gmm-init-model.cc:55) Tree has pdf-id 1 with no stats; corresponding phone list: 2 
WARNING (gmm-init-model[5.5]:InitAmGmm():gmm-init-model.cc:55) Tree has pdf-id 2 with no stats; corresponding phone list: 3 
WARNING (gmm-init-model[5.5]:InitAmGmm():gmm-init-model.cc:55) Tree has pdf-id 3 with no stats; corresponding phone list: 4 
WARNING (gmm-init-model[5.5]:InitAmGmm():gmm-init-model.cc:55) Tree has pdf-id 4 with no stats; corresponding phone list: 5 
WARNING (gmm-init-model[5.5]:InitAmGmm():gmm-init-model.cc:55) Tree has pdf-id 5 with no stats; corresponding phone list: 6 
WARNING (gmm-init-model[5.5]:InitAmGmm():gmm-init-model.cc:55) Tree has pdf-id 6 with no stats; corresponding phone list: 7 
WARNING (gmm-init-model[5.5]:InitAmGmm():gmm-init-model.cc:55) Tree has pdf-id 8 with no stats; corresponding phone list: 9 
WARNING (gmm-init-model[5.5]:InitAmGmm():gmm-init-model.cc:55) Tree has pdf-id 9 with no stats; corresponding phone list: 10 
WARNING (gmm-init-model[5.5]:InitAmGmm():gmm-init-model.cc:55) Tree has pdf-id 11 with no stats; corresponding phone list: 12 
WARNING (gmm-init-model[5.5]:InitAmGmm():gmm-init-model.cc:55) Tree has pdf-id 13 with no stats; corresponding phone list: 14 
WARNING (gmm-init-model[5.5]:InitAmGmm():gmm-init-model.cc:55) Tree has pdf-id 16 with no stats; corresponding phone list: 17 
WARNING (gmm-init-model[5.5]:InitAmGmm():gmm-init-model.cc:55) Tree has pdf-id 17 with no stats; corresponding phone list: 18 
WARNING (gmm-init-model[5.5]:InitAmGmm():gmm-init-model.cc:55) Tree has pdf-id 18 with no stats; corresponding phone list: 19 
WARNING (gmm-init-model[5.5]:InitAmGmm():gmm-init-model.cc:55) Tree has pdf-id 19 with no stats; corresponding phone list: 20 
WARNING (gmm-init-model[5.5]:InitAmGmm():gmm-init-model.cc:55) Tree has pdf-id 21 with no stats; corresponding phone list: 22 
WARNING (gmm-init-model[5.5]:InitAmGmm():gmm-init-model.cc:55) Tree has pdf-id 22 with no stats; corresponding phone list: 23 
WARNING (gmm-init-model[5.5]:InitAmGmm():gmm-init-model.cc:55) Tree has pdf-id 23 with no stats; corresponding phone list: 24 
WARNING (gmm-init-model[5.5]:InitAmGmm():gmm-init-model.cc:55) Tree has pdf-id 26 with no stats; corresponding phone list: 27 
WARNING (gmm-init-model[5.5]:InitAmGmm():gmm-init-model.cc:55) Tree has pdf-id 31 with no stats; corresponding phone list: 32 
WARNING (gmm-init-model[5.5]:InitAmGmm():gmm-init-model.cc:55) Tree has pdf-id 35 with no stats; corresponding phone list: 36 
WARNING (gmm-init-model[5.5]:InitAmGmm():gmm-init-model.cc:55) Tree has pdf-id 36 with no stats; corresponding phone list: 37 
WARNING (gmm-init-model[5.5]:InitAmGmm():gmm-init-model.cc:55) Tree has pdf-id 37 with no stats; corresponding phone list: 38 
WARNING (gmm-init-model[5.5]:InitAmGmm():gmm-init-model.cc:55) Tree has pdf-id 38 with no stats; corresponding phone list: 39 
WARNING (gmm-init-model[5.5]:InitAmGmm():gmm-init-model.cc:55) Tree has pdf-id 39 with no stats; corresponding phone list: 40 
WARNING (gmm-init-model[5.5]:InitAmGmm():gmm-init-model.cc:55) Tree has pdf-id 40 with no stats; corresponding phone list: 41 
WARNING (gmm-init-model[5.5]:InitAmGmm():gmm-init-model.cc:55) Tree has pdf-id 41 with no stats; corresponding phone list: 42 
WARNING (gmm-init-model[5.5]:InitAmGmm():gmm-init-model.cc:55) Tree has pdf-id 43 with no stats; corresponding phone list: 44 
WARNING (gmm-init-model[5.5]:InitAmGmm():gmm-init-model.cc:55) Tree has pdf-id 44 with no stats; corresponding phone list: 45 
WARNING (gmm-init-model[5.5]:InitAmGmm():gmm-init-model.cc:55) Tree has pdf-id 45 with no stats; corresponding phone list: 46 
WARNING (gmm-init-model[5.5]:InitAmGmm():gmm-init-model.cc:55) Tree has pdf-id 46 with no stats; corresponding phone list: 47 
WARNING (gmm-init-model[5.5]:InitAmGmm():gmm-init-model.cc:55) Tree has pdf-id 51 with no stats; corresponding phone list: 52 
WARNING (gmm-init-model[5.5]:InitAmGmm():gmm-init-model.cc:55) Tree has pdf-id 52 with no stats; corresponding phone list: 53 
WARNING (gmm-init-model[5.5]:InitAmGmm():gmm-init-model.cc:55) Tree has pdf-id 53 with no stats; corresponding phone list: 54 
WARNING (gmm-init-model[5.5]:InitAmGmm():gmm-init-model.cc:55) Tree has pdf-id 54 with no stats; corresponding phone list: 55 
WARNING (gmm-init-model[5.5]:InitAmGmm():gmm-init-model.cc:55) Tree has pdf-id 55 with no stats; corresponding phone list: 56 
WARNING (gmm-init-model[5.5]:InitAmGmm():gmm-init-model.cc:55) Tree has pdf-id 63 with no stats; corresponding phone list: 64 
WARNING (gmm-init-model[5.5]:InitAmGmm():gmm-init-model.cc:55) Tree has pdf-id 64 with no stats; corresponding phone list: 65 
WARNING (gmm-init-model[5.5]:InitAmGmm():gmm-init-model.cc:55) Tree has pdf-id 65 with no stats; corresponding phone list: 66 
WARNING (gmm-init-model[5.5]:InitAmGmm():gmm-init-model.cc:55) Tree has pdf-id 66 with no stats; corresponding phone list: 67 
WARNING (gmm-init-model[5.5]:InitAmGmm():gmm-init-model.cc:55) Tree has pdf-id 67 with no stats; corresponding phone list: 68 
WARNING (gmm-init-model[5.5]:InitAmGmm():gmm-init-model.cc:55) Tree has pdf-id 68 with no stats; corresponding phone list: 69 
WARNING (gmm-init-model[5.5]:InitAmGmm():gmm-init-model.cc:55) Tree has pdf-id 71 with no stats; corresponding phone list: 72 
WARNING (gmm-init-model[5.5]:InitAmGmm():gmm-init-model.cc:55) Tree has pdf-id 73 with no stats; corresponding phone list: 74 
WARNING (gmm-init-model[5.5]:InitAmGmm():gmm-init-model.cc:55) Tree has pdf-id 74 with no stats; corresponding phone list: 75 
WARNING (gmm-init-model[5.5]:InitAmGmm():gmm-init-model.cc:55) Tree has pdf-id 75 with no stats; corresponding phone list: 76 
WARNING (gmm-init-model[5.5]:InitAmGmm():gmm-init-model.cc:55) Tree has pdf-id 76 with no stats; corresponding phone list: 77 
WARNING (gmm-init-model[5.5]:InitAmGmm():gmm-init-model.cc:55) Tree has pdf-id 78 with no stats; corresponding phone list: 79 
WARNING (gmm-init-model[5.5]:InitAmGmm():gmm-init-model.cc:55) Tree has pdf-id 82 with no stats; corresponding phone list: 83 
WARNING (gmm-init-model[5.5]:InitAmGmm():gmm-init-model.cc:55) Tree has pdf-id 83 with no stats; corresponding phone list: 84 
WARNING (gmm-init-model[5.5]:InitAmGmm():gmm-init-model.cc:55) Tree has pdf-id 86 with no stats; corresponding phone list: 87 
WARNING (gmm-init-model[5.5]:InitAmGmm():gmm-init-model.cc:55) Tree has pdf-id 88 with no stats; corresponding phone list: 89 
WARNING (gmm-init-model[5.5]:InitAmGmm():gmm-init-model.cc:55) Tree has pdf-id 91 with no stats; corresponding phone list: 92 
WARNING (gmm-init-model[5.5]:InitAmGmm():gmm-init-model.cc:55) Tree has pdf-id 92 with no stats; corresponding phone list: 93 
WARNING (gmm-init-model[5.5]:InitAmGmm():gmm-init-model.cc:55) Tree has pdf-id 94 with no stats; corresponding phone list: 95 
WARNING (gmm-init-model[5.5]:InitAmGmm():gmm-init-model.cc:55) Tree has pdf-id 97 with no stats; corresponding phone list: 98 
WARNING (gmm-init-model[5.5]:InitAmGmm():gmm-init-model.cc:55) Tree has pdf-id 99 with no stats; corresponding phone list: 100 
WARNING (gmm-init-model[5.5]:InitAmGmm():gmm-init-model.cc:55) Tree has pdf-id 100 with no stats; corresponding phone list: 101 
WARNING (gmm-init-model[5.5]:InitAmGmm():gmm-init-model.cc:55) Tree has pdf-id 101 with no stats; corresponding phone list: 102 
WARNING (gmm-init-model[5.5]:InitAmGmm():gmm-init-model.cc:55) Tree has pdf-id 102 with no stats; corresponding phone list: 103 
WARNING (gmm-init-model[5.5]:InitAmGmm():gmm-init-model.cc:55) Tree has pdf-id 104 with no stats; corresponding phone list: 105 
WARNING (gmm-init-model[5.5]:InitAmGmm():gmm-init-model.cc:55) Tree has pdf-id 105 with no stats; corresponding phone list: 106 
WARNING (gmm-init-model[5.5]:InitAmGmm():gmm-init-model.cc:55) Tree has pdf-id 108 with no stats; corresponding phone list: 109 
WARNING (gmm-init-model[5.5]:InitAmGmm():gmm-init-model.cc:55) Tree has pdf-id 109 with no stats; corresponding phone list: 110 
WARNING (gmm-init-model[5.5]:InitAmGmm():gmm-init-model.cc:55) Tree has pdf-id 110 with no stats; corresponding phone list: 111 
WARNING (gmm-init-model[5.5]:InitAmGmm():gmm-init-model.cc:55) Tree has pdf-id 112 with no stats; corresponding phone list: 113 
WARNING (gmm-init-model[5.5]:InitAmGmm():gmm-init-model.cc:55) Tree has pdf-id 114 with no stats; corresponding phone list: 115 
WARNING (gmm-init-model[5.5]:InitAmGmm():gmm-init-model.cc:55) Tree has pdf-id 115 with no stats; corresponding phone list: 116 
WARNING (gmm-init-model[5.5]:InitAmGmm():gmm-init-model.cc:55) Tree has pdf-id 116 with no stats; corresponding phone list: 117 
WARNING (gmm-init-model[5.5]:InitAmGmm():gmm-init-model.cc:55) Tree has pdf-id 119 with no stats; corresponding phone list: 120 
WARNING (gmm-init-model[5.5]:InitAmGmm():gmm-init-model.cc:55) Tree has pdf-id 120 with no stats; corresponding phone list: 121 
WARNING (gmm-init-model[5.5]:InitAmGmm():gmm-init-model.cc:55) Tree has pdf-id 121 with no stats; corresponding phone list: 122 
WARNING (gmm-init-model[5.5]:InitAmGmm():gmm-init-model.cc:55) Tree has pdf-id 126 with no stats; corresponding phone list: 127 
WARNING (gmm-init-model[5.5]:InitAmGmm():gmm-init-model.cc:55) Tree has pdf-id 129 with no stats; corresponding phone list: 130 
WARNING (gmm-init-model[5.5]:InitAmGmm():gmm-init-model.cc:55) Tree has pdf-id 130 with no stats; corresponding phone list: 131 
WARNING (gmm-init-model[5.5]:InitAmGmm():gmm-init-model.cc:55) Tree has pdf-id 131 with no stats; corresponding phone list: 132 
WARNING (gmm-init-model[5.5]:InitAmGmm():gmm-init-model.cc:55) Tree has pdf-id 133 with no stats; corresponding phone list: 134 
WARNING (gmm-init-model[5.5]:InitAmGmm():gmm-init-model.cc:55) Tree has pdf-id 135 with no stats; corresponding phone list: 136 
WARNING (gmm-init-model[5.5]:InitAmGmm():gmm-init-model.cc:55) Tree has pdf-id 136 with no stats; corresponding phone list: 137 
WARNING (gmm-init-model[5.5]:InitAmGmm():gmm-init-model.cc:55) Tree has pdf-id 137 with no stats; corresponding phone list: 138 
WARNING (gmm-init-model[5.5]:InitAmGmm():gmm-init-model.cc:55) Tree has pdf-id 138 with no stats; corresponding phone list: 139 
WARNING (gmm-init-model[5.5]:InitAmGmm():gmm-init-model.cc:55) Tree has pdf-id 139 with no stats; corresponding phone list: 140 
WARNING (gmm-init-model[5.5]:InitAmGmm():gmm-init-model.cc:55) Tree has pdf-id 142 with no stats; corresponding phone list: 143 
WARNING (gmm-init-model[5.5]:InitAmGmm():gmm-init-model.cc:55) Tree has pdf-id 153 with no stats; corresponding phone list: 154 
WARNING (gmm-init-model[5.5]:InitAmGmm():gmm-init-model.cc:55) Tree has pdf-id 154 with no stats; corresponding phone list: 155 
WARNING (gmm-init-model[5.5]:InitAmGmm():gmm-init-model.cc:55) Tree has pdf-id 155 with no stats; corresponding phone list: 156 
WARNING (gmm-init-model[5.5]:InitAmGmm():gmm-init-model.cc:55) Tree has pdf-id 156 with no stats; corresponding phone list: 157 
WARNING (gmm-init-model[5.5]:InitAmGmm():gmm-init-model.cc:55) Tree has pdf-id 158 with no stats; corresponding phone list: 159 
WARNING (gmm-init-model[5.5]:InitAmGmm():gmm-init-model.cc:55) Tree has pdf-id 159 with no stats; corresponding phone list: 160 
WARNING (gmm-init-model[5.5]:InitAmGmm():gmm-init-model.cc:55) Tree has pdf-id 160 with no stats; corresponding phone list: 161 
WARNING (gmm-init-model[5.5]:InitAmGmm():gmm-init-model.cc:55) Tree has pdf-id 161 with no stats; corresponding phone list: 162 
WARNING (gmm-init-model[5.5]:InitAmGmm():gmm-init-model.cc:55) Tree has pdf-id 162 with no stats; corresponding phone list: 163 
WARNING (gmm-init-model[5.5]:InitAmGmm():gmm-init-model.cc:55) Tree has pdf-id 163 with no stats; corresponding phone list: 164 
WARNING (gmm-init-model[5.5]:InitAmGmm():gmm-init-model.cc:55) Tree has pdf-id 166 with no stats; corresponding phone list: 167 
WARNING (gmm-init-model[5.5]:InitAmGmm():gmm-init-model.cc:55) Tree has pdf-id 168 with no stats; corresponding phone list: 169 
WARNING (gmm-init-model[5.5]:InitAmGmm():gmm-init-model.cc:55) Tree has pdf-id 170 with no stats; corresponding phone list: 171 
WARNING (gmm-init-model[5.5]:InitAmGmm():gmm-init-model.cc:55) Tree has pdf-id 173 with no stats; corresponding phone list: 174 
WARNING (gmm-init-model[5.5]:InitAmGmm():gmm-init-model.cc:55) Tree has pdf-id 174 with no stats; corresponding phone list: 175 
WARNING (gmm-init-model[5.5]:InitAmGmm():gmm-init-model.cc:55) Tree has pdf-id 175 with no stats; corresponding phone list: 176 
WARNING (gmm-init-model[5.5]:InitAmGmm():gmm-init-model.cc:55) Tree has pdf-id 176 with no stats; corresponding phone list: 177 
WARNING (gmm-init-model[5.5]:InitAmGmm():gmm-init-model.cc:55) Tree has pdf-id 177 with no stats; corresponding phone list: 178 
WARNING (gmm-init-model[5.5]:InitAmGmm():gmm-init-model.cc:55) Tree has pdf-id 178 with no stats; corresponding phone list: 179 
WARNING (gmm-init-model[5.5]:InitAmGmm():gmm-init-model.cc:55) Tree has pdf-id 180 with no stats; corresponding phone list: 181 
WARNING (gmm-init-model[5.5]:InitAmGmm():gmm-init-model.cc:55) Tree has pdf-id 182 with no stats; corresponding phone list: 183 
WARNING (gmm-init-model[5.5]:InitAmGmm():gmm-init-model.cc:55) Tree has pdf-id 185 with no stats; corresponding phone list: 186 
WARNING (gmm-init-model[5.5]:InitAmGmm():gmm-init-model.cc:55) Tree has pdf-id 186 with no stats; corresponding phone list: 187 
WARNING (gmm-init-model[5.5]:InitAmGmm():gmm-init-model.cc:55) Tree has pdf-id 187 with no stats; corresponding phone list: 188 
WARNING (gmm-init-model[5.5]:InitAmGmm():gmm-init-model.cc:55) Tree has pdf-id 188 with no stats; corresponding phone list: 189 
WARNING (gmm-init-model[5.5]:InitAmGmm():gmm-init-model.cc:55) Tree has pdf-id 189 with no stats; corresponding phone list: 190 
WARNING (gmm-init-model[5.5]:InitAmGmm():gmm-init-model.cc:55) Tree has pdf-id 190 with no stats; corresponding phone list: 191 
WARNING (gmm-init-model[5.5]:InitAmGmm():gmm-init-model.cc:55) Tree has pdf-id 192 with no stats; corresponding phone list: 193 
WARNING (gmm-init-model[5.5]:InitAmGmm():gmm-init-model.cc:55) Tree has pdf-id 196 with no stats; corresponding phone list: 197 
WARNING (gmm-init-model[5.5]:InitAmGmm():gmm-init-model.cc:55) Tree has pdf-id 198 with no stats; corresponding phone list: 199 
WARNING (gmm-init-model[5.5]:InitAmGmm():gmm-init-model.cc:55) Tree has pdf-id 199 with no stats; corresponding phone list: 200 
WARNING (gmm-init-model[5.5]:InitAmGmm():gmm-init-model.cc:55) Tree has pdf-id 201 with no stats; corresponding phone list: 202 
WARNING (gmm-init-model[5.5]:InitAmGmm():gmm-init-model.cc:55) Tree has pdf-id 202 with no stats; corresponding phone list: 203 
WARNING (gmm-init-model[5.5]:InitAmGmm():gmm-init-model.cc:55) Tree has pdf-id 203 with no stats; corresponding phone list: 204 
WARNING (gmm-init-model[5.5]:InitAmGmm():gmm-init-model.cc:55) Tree has pdf-id 204 with no stats; corresponding phone list: 205 
WARNING (gmm-init-model[5.5]:InitAmGmm():gmm-init-model.cc:55) Tree has pdf-id 205 with no stats; corresponding phone list: 206 
WARNING (gmm-init-model[5.5]:InitAmGmm():gmm-init-model.cc:55) Tree has pdf-id 206 with no stats; corresponding phone list: 207 
WARNING (gmm-init-model[5.5]:InitAmGmm():gmm-init-model.cc:55) Tree has pdf-id 208 with no stats; corresponding phone list: 209 
WARNING (gmm-init-model[5.5]:InitAmGmm():gmm-init-model.cc:55) Tree has pdf-id 209 with no stats; corresponding phone list: 210 
WARNING (gmm-init-model[5.5]:InitAmGmm():gmm-init-model.cc:55) Tree has pdf-id 210 with no stats; corresponding phone list: 211 
WARNING (gmm-init-model[5.5]:InitAmGmm():gmm-init-model.cc:55) Tree has pdf-id 211 with no stats; corresponding phone list: 212 
WARNING (gmm-init-model[5.5]:InitAmGmm():gmm-init-model.cc:55) Tree has pdf-id 212 with no stats; corresponding phone list: 213 
WARNING (gmm-init-model[5.5]:InitAmGmm():gmm-init-model.cc:55) Tree has pdf-id 213 with no stats; corresponding phone list: 214 
WARNING (gmm-init-model[5.5]:InitAmGmm():gmm-init-model.cc:83) Very small count for state 14: 96; corresponding phone list: 15 
WARNING (gmm-init-model[5.5]:InitAmGmm():gmm-init-model.cc:83) Very small count for state 15: 51; corresponding phone list: 16 
WARNING (gmm-init-model[5.5]:InitAmGmm():gmm-init-model.cc:83) Very small count for state 24: 71; corresponding phone list: 25 
WARNING (gmm-init-model[5.5]:InitAmGmm():gmm-init-model.cc:83) Very small count for state 33: 83; corresponding phone list: 34 
WARNING (gmm-init-model[5.5]:InitAmGmm():gmm-init-model.cc:83) Very small count for state 47: 46; corresponding phone list: 48 
WARNING (gmm-init-model[5.5]:InitAmGmm():gmm-init-model.cc:83) Very small count for state 49: 61; corresponding phone list: 50 
WARNING (gmm-init-model[5.5]:InitAmGmm():gmm-init-model.cc:83) Very small count for state 59: 51; corresponding phone list: 60 
WARNING (gmm-init-model[5.5]:InitAmGmm():gmm-init-model.cc:83) Very small count for state 80: 90; corresponding phone list: 81 
WARNING (gmm-init-model[5.5]:InitAmGmm():gmm-init-model.cc:83) Very small count for state 81: 84; corresponding phone list: 82 
WARNING (gmm-init-model[5.5]:InitAmGmm():gmm-init-model.cc:83) Very small count for state 107: 95; corresponding phone list: 108 
WARNING (gmm-init-model[5.5]:InitAmGmm():gmm-init-model.cc:83) Very small count for state 127: 48; corresponding phone list: 128 
WARNING (gmm-init-model[5.5]:InitAmGmm():gmm-init-model.cc:83) Very small count for state 134: 54; corresponding phone list: 135 
WARNING (gmm-init-model[5.5]:InitAmGmm():gmm-init-model.cc:83) Very small count for state 143: 74; corresponding phone list: 144 
WARNING (gmm-init-model[5.5]:InitAmGmm():gmm-init-model.cc:83) Very small count for state 148: 89; corresponding phone list: 149 
WARNING (gmm-init-model[5.5]:InitAmGmm():gmm-init-model.cc:83) Very small count for state 165: 47; corresponding phone list: 166 
WARNING (gmm-init-model[5.5]:InitAmGmm():gmm-init-model.cc:83) Very small count for state 172: 21; corresponding phone list: 173 
WARNING (gmm-init-model[5.5]:InitAmGmm():gmm-init-model.cc:83) Very small count for state 195: 44; corresponding phone list: 196 
WARNING (gmm-init-model[5.5]:InitAmGmm():gmm-init-model.cc:83) Very small count for state 238: 85; corresponding phone list: 31 
WARNING (gmm-init-model[5.5]:InitAmGmm():gmm-init-model.cc:83) Very small count for state 244: 60; corresponding phone list: 90 
WARNING (gmm-init-model[5.5]:InitAmGmm():gmm-init-model.cc:83) Very small count for state 253: 90; corresponding phone list: 29 
WARNING (gmm-init-model[5.5]:InitAmGmm():gmm-init-model.cc:83) Very small count for state 254: 79; corresponding phone list: 215 
WARNING (gmm-init-model[5.5]:InitAmGmm():gmm-init-model.cc:83) Very small count for state 264: 67; corresponding phone list: 60 
WARNING (gmm-init-model[5.5]:InitAmGmm():gmm-init-model.cc:83) Very small count for state 280: 38; corresponding phone list: 149 
WARNING (gmm-init-model[5.5]:InitAmGmm():gmm-init-model.cc:83) Very small count for state 290: 79; corresponding phone list: 28 
WARNING (gmm-init-model[5.5]:InitAmGmm():gmm-init-model.cc:83) Very small count for state 303: 70; corresponding phone list: 26 
WARNING (gmm-init-model[5.5]:InitAmGmm():gmm-init-model.cc:83) Very small count for state 312: 52; corresponding phone list: 182 
WARNING (gmm-init-model[5.5]:InitAmGmm():gmm-init-model.cc:83) Very small count for state 319: 76; corresponding phone list: 145 
WARNING (gmm-init-model[5.5]:InitAmGmm():gmm-init-model.cc:83) Very small count for state 326: 98; corresponding phone list: 21 
WARNING (gmm-init-model[5.5]:InitAmGmm():gmm-init-model.cc:83) Very small count for state 331: 95; corresponding phone list: 124 
WARNING (gmm-init-model[5.5]:InitAmGmm():gmm-init-model.cc:83) Very small count for state 346: 75; corresponding phone list: 58 
WARNING (gmm-init-model[5.5]:InitAmGmm():gmm-init-model.cc:83) Very small count for state 363: 84; corresponding phone list: 28 
WARNING (gmm-init-model[5.5]:InitAmGmm():gmm-init-model.cc:83) Very small count for state 365: 55; corresponding phone list: 192 
WARNING (gmm-init-model[5.5]:InitAmGmm():gmm-init-model.cc:83) Very small count for state 369: 97; corresponding phone list: 180 
WARNING (gmm-init-model[5.5]:InitAmGmm():gmm-init-model.cc:83) Very small count for state 370: 49; corresponding phone list: 198 
WARNING (gmm-init-model[5.5]:InitAmGmm():gmm-init-model.cc:83) Very small count for state 374: 80; corresponding phone list: 119 
WARNING (gmm-init-model[5.5]:InitAmGmm():gmm-init-model.cc:83) Very small count for state 377: 61; corresponding phone list: 217 
WARNING (gmm-init-model[5.5]:InitAmGmm():gmm-init-model.cc:83) Very small count for state 387: 59; corresponding phone list: 166 
WARNING (gmm-init-model[5.5]:InitAmGmm():gmm-init-model.cc:83) Very small count for state 392: 63; corresponding phone list: 33 
WARNING (gmm-init-model[5.5]:InitAmGmm():gmm-init-model.cc:83) Very small count for state 395: 61; corresponding phone list: 108 
WARNING (gmm-init-model[5.5]:InitAmGmm():gmm-init-model.cc:83) Very small count for state 397: 83; corresponding phone list: 218 
WARNING (gmm-init-model[5.5]:InitAmGmm():gmm-init-model.cc:83) Very small count for state 400: 91; corresponding phone list: 35 
WARNING (gmm-init-model[5.5]:InitAmGmm():gmm-init-model.cc:83) Very small count for state 401: 65; corresponding phone list: 43 
WARNING (gmm-init-model[5.5]:InitAmGmm():gmm-init-model.cc:83) Very small count for state 415: 87; corresponding phone list: 30 
WARNING (gmm-init-model[5.5]:InitAmGmm():gmm-init-model.cc:83) Very small count for state 424: 92; corresponding phone list: 144 
WARNING (gmm-init-model[5.5]:InitAmGmm():gmm-init-model.cc:83) Very small count for state 425: 67; corresponding phone list: 104 
WARNING (gmm-init-model[5.5]:InitAmGmm():gmm-init-model.cc:83) Very small count for state 428: 47; corresponding phone list: 58 
WARNING (gmm-init-model[5.5]:InitAmGmm():gmm-init-model.cc:83) Very small count for state 430: 88; corresponding phone list: 96 
WARNING (gmm-init-model[5.5]:InitAmGmm():gmm-init-model.cc:83) Very small count for state 433: 61; corresponding phone list: 198 
WARNING (gmm-init-model[5.5]:InitAmGmm():gmm-init-model.cc:83) Very small count for state 435: 83; corresponding phone list: 15 
WARNING (gmm-init-model[5.5]:InitAmGmm():gmm-init-model.cc:83) Very small count for state 439: 62; corresponding phone list: 8 
WARNING (gmm-init-model[5.5]:InitAmGmm():gmm-init-model.cc:83) Very small count for state 446: 90; corresponding phone list: 158 
WARNING (gmm-init-model[5.5]:InitAmGmm():gmm-init-model.cc:83) Very small count for state 450: 72; corresponding phone list: 147 
WARNING (gmm-init-model[5.5]:InitAmGmm():gmm-init-model.cc:83) Very small count for state 459: 97; corresponding phone list: 88 
WARNING (gmm-init-model[5.5]:InitAmGmm():gmm-init-model.cc:83) Very small count for state 465: 67; corresponding phone list: 146 
WARNING (gmm-init-model[5.5]:InitAmGmm():gmm-init-model.cc:83) Very small count for state 467: 68; corresponding phone list: 125 
WARNING (gmm-init-model[5.5]:InitAmGmm():gmm-init-model.cc:83) Very small count for state 471: 66; corresponding phone list: 48 
WARNING (gmm-init-model[5.5]:InitAmGmm():gmm-init-model.cc:83) Very small count for state 473: 52; corresponding phone list: 135 
WARNING (gmm-init-model[5.5]:InitAmGmm():gmm-init-model.cc:83) Very small count for state 477: 55; corresponding phone list: 124 
WARNING (gmm-init-model[5.5]:InitAmGmm():gmm-init-model.cc:83) Very small count for state 478: 70; corresponding phone list: 153 
WARNING (gmm-init-model[5.5]:InitAmGmm():gmm-init-model.cc:83) Very small count for state 495: 91; corresponding phone list: 125 
WARNING (gmm-init-model[5.5]:InitAmGmm():gmm-init-model.cc:83) Very small count for state 497: 64; corresponding phone list: 51 
WARNING (gmm-init-model[5.5]:InitAmGmm():gmm-init-model.cc:83) Very small count for state 498: 85; corresponding phone list: 31 
WARNING (gmm-init-model[5.5]:InitAmGmm():gmm-init-model.cc:83) Very small count for state 502: 27; corresponding phone list: 71 
WARNING (gmm-init-model[5.5]:InitAmGmm():gmm-init-model.cc:83) Very small count for state 503: 80; corresponding phone list: 50 
WARNING (gmm-init-model[5.5]:InitAmGmm():gmm-init-model.cc:83) Very small count for state 509: 50; corresponding phone list: 192 
WARNING (gmm-init-model[5.5]:InitAmGmm():gmm-init-model.cc:83) Very small count for state 515: 62; corresponding phone list: 194 
WARNING (gmm-init-model[5.5]:InitAmGmm():gmm-init-model.cc:83) Very small count for state 518: 81; corresponding phone list: 25 
WARNING (gmm-init-model[5.5]:InitAmGmm():gmm-init-model.cc:83) Very small count for state 532: 82; corresponding phone list: 71 
WARNING (gmm-init-model[5.5]:InitAmGmm():gmm-init-model.cc:83) Very small count for state 538: 88; corresponding phone list: 150 
WARNING (gmm-init-model[5.5]:InitAmGmm():gmm-init-model.cc:83) Very small count for state 540: 51; corresponding phone list: 153 
WARNING (gmm-init-model[5.5]:InitAmGmm():gmm-init-model.cc:83) Very small count for state 549: 61; corresponding phone list: 82 
WARNING (gmm-init-model[5.5]:InitAmGmm():gmm-init-model.cc:83) Very small count for state 551: 78; corresponding phone list: 123 
WARNING (gmm-init-model[5.5]:InitAmGmm():gmm-init-model.cc:83) Very small count for state 556: 68; corresponding phone list: 196 
WARNING (gmm-init-model[5.5]:InitAmGmm():gmm-init-model.cc:83) Very small count for state 557: 70; corresponding phone list: 124 
WARNING (gmm-init-model[5.5]:InitAmGmm():gmm-init-model.cc:83) Very small count for state 561: 87; corresponding phone list: 146 
WARNING (gmm-init-model[5.5]:InitAmGmm():gmm-init-model.cc:83) Very small count for state 569: 97; corresponding phone list: 194 
WARNING (gmm-init-model[5.5]:InitAmGmm():gmm-init-model.cc:83) Very small count for state 572: 31; corresponding phone list: 184 
WARNING (gmm-init-model[5.5]:InitAmGmm():gmm-init-model.cc:83) Very small count for state 575: 50; corresponding phone list: 21 
WARNING (gmm-init-model[5.5]:InitAmGmm():gmm-init-model.cc:83) Very small count for state 587: 46; corresponding phone list: 21 
WARNING (gmm-init-model[5.5]:InitAmGmm():gmm-init-model.cc:83) Very small count for state 594: 81; corresponding phone list: 63 
WARNING (gmm-init-model[5.5]:InitAmGmm():gmm-init-model.cc:83) Very small count for state 595: 55; corresponding phone list: 144 
WARNING (gmm-init-model[5.5]:InitAmGmm():gmm-init-model.cc:83) Very small count for state 597: 95; corresponding phone list: 71 
WARNING (gmm-init-model[5.5]:InitAmGmm():gmm-init-model.cc:83) Very small count for state 599: 89; corresponding phone list: 57 
WARNING (gmm-init-model[5.5]:InitAmGmm():gmm-init-model.cc:83) Very small count for state 602: 88; corresponding phone list: 73 
WARNING (gmm-init-model[5.5]:InitAmGmm():gmm-init-model.cc:83) Very small count for state 603: 82; corresponding phone list: 125 
WARNING (gmm-init-model[5.5]:InitAmGmm():gmm-init-model.cc:83) Very small count for state 605: 99; corresponding phone list: 62 
WARNING (gmm-init-model[5.5]:InitAmGmm():gmm-init-model.cc:83) Very small count for state 607: 63; corresponding phone list: 173 
WARNING (gmm-init-model[5.5]:InitAmGmm():gmm-init-model.cc:83) Very small count for state 612: 93; corresponding phone list: 86 
WARNING (gmm-init-model[5.5]:InitAmGmm():gmm-init-model.cc:83) Very small count for state 615: 72; corresponding phone list: 50 
WARNING (gmm-init-model[5.5]:InitAmGmm():gmm-init-model.cc:83) Very small count for state 618: 91; corresponding phone list: 124 
WARNING (gmm-init-model[5.5]:InitAmGmm():gmm-init-model.cc:83) Very small count for state 622: 67; corresponding phone list: 128 
WARNING (gmm-init-model[5.5]:InitAmGmm():gmm-init-model.cc:83) Very small count for state 623: 28; corresponding phone list: 150 
WARNING (gmm-init-model[5.5]:InitAmGmm():gmm-init-model.cc:83) Very small count for state 625: 46; corresponding phone list: 153 
WARNING (gmm-init-model[5.5]:InitAmGmm():gmm-init-model.cc:83) Very small count for state 630: 92; corresponding phone list: 217 
LOG (gmm-init-model[5.5]:main():gmm-init-model.cc:306) Wrote model.
# Accounting: time=0 threads=1
# Ended (code 0) at Mon Feb 25 10:33:20 CST 2019, elapsed time 0 seconds
