# compute-mfcc-feats --verbose=2 --config=conf/mfcc.conf scp,p:exp/make_mfcc/train/wav_train.2.scp ark:- | copy-feats --compress=true ark:- ark,scp:/Users/dannysun/Documents/kaldi-master/egs/CN/mfcc/raw_mfcc_train.2.ark,/Users/dannysun/Documents/kaldi-master/egs/CN/mfcc/raw_mfcc_train.2.scp 
# Started at Mon Feb 25 10:32:18 CST 2019
#
copy-feats --compress=true ark:- ark,scp:/Users/dannysun/Documents/kaldi-master/egs/CN/mfcc/raw_mfcc_train.2.ark,/Users/dannysun/Documents/kaldi-master/egs/CN/mfcc/raw_mfcc_train.2.scp 
compute-mfcc-feats --verbose=2 --config=conf/mfcc.conf scp,p:exp/make_mfcc/train/wav_train.2.scp ark:- 
VLOG[2] (compute-mfcc-feats[5.5]:main():compute-mfcc-feats.cc:173) Processed features for key 05-001
VLOG[2] (compute-mfcc-feats[5.5]:main():compute-mfcc-feats.cc:173) Processed features for key 05-002
VLOG[2] (compute-mfcc-feats[5.5]:main():compute-mfcc-feats.cc:173) Processed features for key 05-003
VLOG[2] (compute-mfcc-feats[5.5]:main():compute-mfcc-feats.cc:173) Processed features for key 05-004
VLOG[2] (compute-mfcc-feats[5.5]:main():compute-mfcc-feats.cc:173) Processed features for key 05-005
VLOG[2] (compute-mfcc-feats[5.5]:main():compute-mfcc-feats.cc:173) Processed features for key 05-006
VLOG[2] (compute-mfcc-feats[5.5]:main():compute-mfcc-feats.cc:173) Processed features for key 05-007
VLOG[2] (compute-mfcc-feats[5.5]:main():compute-mfcc-feats.cc:173) Processed features for key 05-008
VLOG[2] (compute-mfcc-feats[5.5]:main():compute-mfcc-feats.cc:173) Processed features for key 05-009
LOG (compute-mfcc-feats[5.5]:main():compute-mfcc-feats.cc:172) Processed 10 utterances
VLOG[2] (compute-mfcc-feats[5.5]:main():compute-mfcc-feats.cc:173) Processed features for key 05-010
VLOG[2] (compute-mfcc-feats[5.5]:main():compute-mfcc-feats.cc:173) Processed features for key 05-011
VLOG[2] (compute-mfcc-feats[5.5]:main():compute-mfcc-feats.cc:173) Processed features for key 05-012
VLOG[2] (compute-mfcc-feats[5.5]:main():compute-mfcc-feats.cc:173) Processed features for key 05-013
VLOG[2] (compute-mfcc-feats[5.5]:main():compute-mfcc-feats.cc:173) Processed features for key 05-014
VLOG[2] (compute-mfcc-feats[5.5]:main():compute-mfcc-feats.cc:173) Processed features for key 05-015
VLOG[2] (compute-mfcc-feats[5.5]:main():compute-mfcc-feats.cc:173) Processed features for key 05-016
VLOG[2] (compute-mfcc-feats[5.5]:main():compute-mfcc-feats.cc:173) Processed features for key 05-017
VLOG[2] (compute-mfcc-feats[5.5]:main():compute-mfcc-feats.cc:173) Processed features for key 05-018
VLOG[2] (compute-mfcc-feats[5.5]:main():compute-mfcc-feats.cc:173) Processed features for key 05-019
LOG (compute-mfcc-feats[5.5]:main():compute-mfcc-feats.cc:172) Processed 20 utterances
VLOG[2] (compute-mfcc-feats[5.5]:main():compute-mfcc-feats.cc:173) Processed features for key 05-020
VLOG[2] (compute-mfcc-feats[5.5]:main():compute-mfcc-feats.cc:173) Processed features for key 05-021
VLOG[2] (compute-mfcc-feats[5.5]:main():compute-mfcc-feats.cc:173) Processed features for key 05-022
VLOG[2] (compute-mfcc-feats[5.5]:main():compute-mfcc-feats.cc:173) Processed features for key 05-023
VLOG[2] (compute-mfcc-feats[5.5]:main():compute-mfcc-feats.cc:173) Processed features for key 05-024
VLOG[2] (compute-mfcc-feats[5.5]:main():compute-mfcc-feats.cc:173) Processed features for key 05-025
VLOG[2] (compute-mfcc-feats[5.5]:main():compute-mfcc-feats.cc:173) Processed features for key 05-026
VLOG[2] (compute-mfcc-feats[5.5]:main():compute-mfcc-feats.cc:173) Processed features for key 05-027
VLOG[2] (compute-mfcc-feats[5.5]:main():compute-mfcc-feats.cc:173) Processed features for key 05-028
VLOG[2] (compute-mfcc-feats[5.5]:main():compute-mfcc-feats.cc:173) Processed features for key 05-029
LOG (compute-mfcc-feats[5.5]:main():compute-mfcc-feats.cc:172) Processed 30 utterances
VLOG[2] (compute-mfcc-feats[5.5]:main():compute-mfcc-feats.cc:173) Processed features for key 05-030
VLOG[2] (compute-mfcc-feats[5.5]:main():compute-mfcc-feats.cc:173) Processed features for key 05-031
VLOG[2] (compute-mfcc-feats[5.5]:main():compute-mfcc-feats.cc:173) Processed features for key 05-032
VLOG[2] (compute-mfcc-feats[5.5]:main():compute-mfcc-feats.cc:173) Processed features for key 05-033
VLOG[2] (compute-mfcc-feats[5.5]:main():compute-mfcc-feats.cc:173) Processed features for key 05-034
VLOG[2] (compute-mfcc-feats[5.5]:main():compute-mfcc-feats.cc:173) Processed features for key 05-035
VLOG[2] (compute-mfcc-feats[5.5]:main():compute-mfcc-feats.cc:173) Processed features for key 05-036
VLOG[2] (compute-mfcc-feats[5.5]:main():compute-mfcc-feats.cc:173) Processed features for key 05-037
VLOG[2] (compute-mfcc-feats[5.5]:main():compute-mfcc-feats.cc:173) Processed features for key 05-038
VLOG[2] (compute-mfcc-feats[5.5]:main():compute-mfcc-feats.cc:173) Processed features for key 05-039
LOG (compute-mfcc-feats[5.5]:main():compute-mfcc-feats.cc:172) Processed 40 utterances
VLOG[2] (compute-mfcc-feats[5.5]:main():compute-mfcc-feats.cc:173) Processed features for key 05-040
VLOG[2] (compute-mfcc-feats[5.5]:main():compute-mfcc-feats.cc:173) Processed features for key 05-041
VLOG[2] (compute-mfcc-feats[5.5]:main():compute-mfcc-feats.cc:173) Processed features for key 05-042
VLOG[2] (compute-mfcc-feats[5.5]:main():compute-mfcc-feats.cc:173) Processed features for key 05-043
VLOG[2] (compute-mfcc-feats[5.5]:main():compute-mfcc-feats.cc:173) Processed features for key 05-044
VLOG[2] (compute-mfcc-feats[5.5]:main():compute-mfcc-feats.cc:173) Processed features for key 05-045
VLOG[2] (compute-mfcc-feats[5.5]:main():compute-mfcc-feats.cc:173) Processed features for key 05-046
VLOG[2] (compute-mfcc-feats[5.5]:main():compute-mfcc-feats.cc:173) Processed features for key 05-047
VLOG[2] (compute-mfcc-feats[5.5]:main():compute-mfcc-feats.cc:173) Processed features for key 05-048
VLOG[2] (compute-mfcc-feats[5.5]:main():compute-mfcc-feats.cc:173) Processed features for key 05-049
LOG (compute-mfcc-feats[5.5]:main():compute-mfcc-feats.cc:172) Processed 50 utterances
VLOG[2] (compute-mfcc-feats[5.5]:main():compute-mfcc-feats.cc:173) Processed features for key 05-050
VLOG[2] (compute-mfcc-feats[5.5]:main():compute-mfcc-feats.cc:173) Processed features for key 05-051
VLOG[2] (compute-mfcc-feats[5.5]:main():compute-mfcc-feats.cc:173) Processed features for key 05-052
VLOG[2] (compute-mfcc-feats[5.5]:main():compute-mfcc-feats.cc:173) Processed features for key 05-053
VLOG[2] (compute-mfcc-feats[5.5]:main():compute-mfcc-feats.cc:173) Processed features for key 05-054
VLOG[2] (compute-mfcc-feats[5.5]:main():compute-mfcc-feats.cc:173) Processed features for key 05-055
VLOG[2] (compute-mfcc-feats[5.5]:main():compute-mfcc-feats.cc:173) Processed features for key 05-056
VLOG[2] (compute-mfcc-feats[5.5]:main():compute-mfcc-feats.cc:173) Processed features for key 05-057
VLOG[2] (compute-mfcc-feats[5.5]:main():compute-mfcc-feats.cc:173) Processed features for key 05-058
VLOG[2] (compute-mfcc-feats[5.5]:main():compute-mfcc-feats.cc:173) Processed features for key 05-059
LOG (compute-mfcc-feats[5.5]:main():compute-mfcc-feats.cc:172) Processed 60 utterances
VLOG[2] (compute-mfcc-feats[5.5]:main():compute-mfcc-feats.cc:173) Processed features for key 05-060
VLOG[2] (compute-mfcc-feats[5.5]:main():compute-mfcc-feats.cc:173) Processed features for key 05-061
VLOG[2] (compute-mfcc-feats[5.5]:main():compute-mfcc-feats.cc:173) Processed features for key 05-062
VLOG[2] (compute-mfcc-feats[5.5]:main():compute-mfcc-feats.cc:173) Processed features for key 05-063
VLOG[2] (compute-mfcc-feats[5.5]:main():compute-mfcc-feats.cc:173) Processed features for key 05-064
VLOG[2] (compute-mfcc-feats[5.5]:main():compute-mfcc-feats.cc:173) Processed features for key 05-065
VLOG[2] (compute-mfcc-feats[5.5]:main():compute-mfcc-feats.cc:173) Processed features for key 05-066
VLOG[2] (compute-mfcc-feats[5.5]:main():compute-mfcc-feats.cc:173) Processed features for key 05-067
VLOG[2] (compute-mfcc-feats[5.5]:main():compute-mfcc-feats.cc:173) Processed features for key 05-068
VLOG[2] (compute-mfcc-feats[5.5]:main():compute-mfcc-feats.cc:173) Processed features for key 05-069
LOG (compute-mfcc-feats[5.5]:main():compute-mfcc-feats.cc:172) Processed 70 utterances
VLOG[2] (compute-mfcc-feats[5.5]:main():compute-mfcc-feats.cc:173) Processed features for key 05-070
VLOG[2] (compute-mfcc-feats[5.5]:main():compute-mfcc-feats.cc:173) Processed features for key 05-071
VLOG[2] (compute-mfcc-feats[5.5]:main():compute-mfcc-feats.cc:173) Processed features for key 06-001
VLOG[2] (compute-mfcc-feats[5.5]:main():compute-mfcc-feats.cc:173) Processed features for key 06-002
VLOG[2] (compute-mfcc-feats[5.5]:main():compute-mfcc-feats.cc:173) Processed features for key 06-003
VLOG[2] (compute-mfcc-feats[5.5]:main():compute-mfcc-feats.cc:173) Processed features for key 06-004
VLOG[2] (compute-mfcc-feats[5.5]:main():compute-mfcc-feats.cc:173) Processed features for key 06-005
VLOG[2] (compute-mfcc-feats[5.5]:main():compute-mfcc-feats.cc:173) Processed features for key 06-006
VLOG[2] (compute-mfcc-feats[5.5]:main():compute-mfcc-feats.cc:173) Processed features for key 06-007
VLOG[2] (compute-mfcc-feats[5.5]:main():compute-mfcc-feats.cc:173) Processed features for key 06-008
LOG (compute-mfcc-feats[5.5]:main():compute-mfcc-feats.cc:172) Processed 80 utterances
VLOG[2] (compute-mfcc-feats[5.5]:main():compute-mfcc-feats.cc:173) Processed features for key 06-009
VLOG[2] (compute-mfcc-feats[5.5]:main():compute-mfcc-feats.cc:173) Processed features for key 06-010
VLOG[2] (compute-mfcc-feats[5.5]:main():compute-mfcc-feats.cc:173) Processed features for key 06-011
VLOG[2] (compute-mfcc-feats[5.5]:main():compute-mfcc-feats.cc:173) Processed features for key 06-012
VLOG[2] (compute-mfcc-feats[5.5]:main():compute-mfcc-feats.cc:173) Processed features for key 06-013
VLOG[2] (compute-mfcc-feats[5.5]:main():compute-mfcc-feats.cc:173) Processed features for key 06-014
VLOG[2] (compute-mfcc-feats[5.5]:main():compute-mfcc-feats.cc:173) Processed features for key 06-015
VLOG[2] (compute-mfcc-feats[5.5]:main():compute-mfcc-feats.cc:173) Processed features for key 06-016
VLOG[2] (compute-mfcc-feats[5.5]:main():compute-mfcc-feats.cc:173) Processed features for key 06-017
VLOG[2] (compute-mfcc-feats[5.5]:main():compute-mfcc-feats.cc:173) Processed features for key 06-018
LOG (compute-mfcc-feats[5.5]:main():compute-mfcc-feats.cc:172) Processed 90 utterances
VLOG[2] (compute-mfcc-feats[5.5]:main():compute-mfcc-feats.cc:173) Processed features for key 06-019
VLOG[2] (compute-mfcc-feats[5.5]:main():compute-mfcc-feats.cc:173) Processed features for key 06-020
VLOG[2] (compute-mfcc-feats[5.5]:main():compute-mfcc-feats.cc:173) Processed features for key 06-021
VLOG[2] (compute-mfcc-feats[5.5]:main():compute-mfcc-feats.cc:173) Processed features for key 06-022
VLOG[2] (compute-mfcc-feats[5.5]:main():compute-mfcc-feats.cc:173) Processed features for key 06-023
VLOG[2] (compute-mfcc-feats[5.5]:main():compute-mfcc-feats.cc:173) Processed features for key 06-024
VLOG[2] (compute-mfcc-feats[5.5]:main():compute-mfcc-feats.cc:173) Processed features for key 06-025
VLOG[2] (compute-mfcc-feats[5.5]:main():compute-mfcc-feats.cc:173) Processed features for key 06-026
VLOG[2] (compute-mfcc-feats[5.5]:main():compute-mfcc-feats.cc:173) Processed features for key 06-027
VLOG[2] (compute-mfcc-feats[5.5]:main():compute-mfcc-feats.cc:173) Processed features for key 06-028
LOG (compute-mfcc-feats[5.5]:main():compute-mfcc-feats.cc:172) Processed 100 utterances
VLOG[2] (compute-mfcc-feats[5.5]:main():compute-mfcc-feats.cc:173) Processed features for key 06-029
VLOG[2] (compute-mfcc-feats[5.5]:main():compute-mfcc-feats.cc:173) Processed features for key 06-030
VLOG[2] (compute-mfcc-feats[5.5]:main():compute-mfcc-feats.cc:173) Processed features for key 06-031
VLOG[2] (compute-mfcc-feats[5.5]:main():compute-mfcc-feats.cc:173) Processed features for key 06-032
VLOG[2] (compute-mfcc-feats[5.5]:main():compute-mfcc-feats.cc:173) Processed features for key 06-033
VLOG[2] (compute-mfcc-feats[5.5]:main():compute-mfcc-feats.cc:173) Processed features for key 06-034
VLOG[2] (compute-mfcc-feats[5.5]:main():compute-mfcc-feats.cc:173) Processed features for key 06-035
VLOG[2] (compute-mfcc-feats[5.5]:main():compute-mfcc-feats.cc:173) Processed features for key 06-036
VLOG[2] (compute-mfcc-feats[5.5]:main():compute-mfcc-feats.cc:173) Processed features for key 06-037
VLOG[2] (compute-mfcc-feats[5.5]:main():compute-mfcc-feats.cc:173) Processed features for key 06-038
LOG (compute-mfcc-feats[5.5]:main():compute-mfcc-feats.cc:172) Processed 110 utterances
VLOG[2] (compute-mfcc-feats[5.5]:main():compute-mfcc-feats.cc:173) Processed features for key 06-039
VLOG[2] (compute-mfcc-feats[5.5]:main():compute-mfcc-feats.cc:173) Processed features for key 06-040
VLOG[2] (compute-mfcc-feats[5.5]:main():compute-mfcc-feats.cc:173) Processed features for key 06-041
VLOG[2] (compute-mfcc-feats[5.5]:main():compute-mfcc-feats.cc:173) Processed features for key 06-042
VLOG[2] (compute-mfcc-feats[5.5]:main():compute-mfcc-feats.cc:173) Processed features for key 06-043
VLOG[2] (compute-mfcc-feats[5.5]:main():compute-mfcc-feats.cc:173) Processed features for key 06-044
VLOG[2] (compute-mfcc-feats[5.5]:main():compute-mfcc-feats.cc:173) Processed features for key 06-045
VLOG[2] (compute-mfcc-feats[5.5]:main():compute-mfcc-feats.cc:173) Processed features for key 06-046
VLOG[2] (compute-mfcc-feats[5.5]:main():compute-mfcc-feats.cc:173) Processed features for key 06-047
VLOG[2] (compute-mfcc-feats[5.5]:main():compute-mfcc-feats.cc:173) Processed features for key 06-048
LOG (compute-mfcc-feats[5.5]:main():compute-mfcc-feats.cc:172) Processed 120 utterances
VLOG[2] (compute-mfcc-feats[5.5]:main():compute-mfcc-feats.cc:173) Processed features for key 06-049
VLOG[2] (compute-mfcc-feats[5.5]:main():compute-mfcc-feats.cc:173) Processed features for key 06-050
VLOG[2] (compute-mfcc-feats[5.5]:main():compute-mfcc-feats.cc:173) Processed features for key 06-051
VLOG[2] (compute-mfcc-feats[5.5]:main():compute-mfcc-feats.cc:173) Processed features for key 06-052
VLOG[2] (compute-mfcc-feats[5.5]:main():compute-mfcc-feats.cc:173) Processed features for key 06-053
VLOG[2] (compute-mfcc-feats[5.5]:main():compute-mfcc-feats.cc:173) Processed features for key 06-054
VLOG[2] (compute-mfcc-feats[5.5]:main():compute-mfcc-feats.cc:173) Processed features for key 06-055
VLOG[2] (compute-mfcc-feats[5.5]:main():compute-mfcc-feats.cc:173) Processed features for key 06-056
VLOG[2] (compute-mfcc-feats[5.5]:main():compute-mfcc-feats.cc:173) Processed features for key 06-057
VLOG[2] (compute-mfcc-feats[5.5]:main():compute-mfcc-feats.cc:173) Processed features for key 06-058
LOG (compute-mfcc-feats[5.5]:main():compute-mfcc-feats.cc:172) Processed 130 utterances
VLOG[2] (compute-mfcc-feats[5.5]:main():compute-mfcc-feats.cc:173) Processed features for key 06-059
VLOG[2] (compute-mfcc-feats[5.5]:main():compute-mfcc-feats.cc:173) Processed features for key 06-060
VLOG[2] (compute-mfcc-feats[5.5]:main():compute-mfcc-feats.cc:173) Processed features for key 06-061
VLOG[2] (compute-mfcc-feats[5.5]:main():compute-mfcc-feats.cc:173) Processed features for key 06-062
VLOG[2] (compute-mfcc-feats[5.5]:main():compute-mfcc-feats.cc:173) Processed features for key 06-063
VLOG[2] (compute-mfcc-feats[5.5]:main():compute-mfcc-feats.cc:173) Processed features for key 06-064
VLOG[2] (compute-mfcc-feats[5.5]:main():compute-mfcc-feats.cc:173) Processed features for key 06-065
VLOG[2] (compute-mfcc-feats[5.5]:main():compute-mfcc-feats.cc:173) Processed features for key 06-066
VLOG[2] (compute-mfcc-feats[5.5]:main():compute-mfcc-feats.cc:173) Processed features for key 06-067
VLOG[2] (compute-mfcc-feats[5.5]:main():compute-mfcc-feats.cc:173) Processed features for key 06-068
LOG (compute-mfcc-feats[5.5]:main():compute-mfcc-feats.cc:172) Processed 140 utterances
VLOG[2] (compute-mfcc-feats[5.5]:main():compute-mfcc-feats.cc:173) Processed features for key 06-069
VLOG[2] (compute-mfcc-feats[5.5]:main():compute-mfcc-feats.cc:173) Processed features for key 06-070
VLOG[2] (compute-mfcc-feats[5.5]:main():compute-mfcc-feats.cc:173) Processed features for key 06-071
VLOG[2] (compute-mfcc-feats[5.5]:main():compute-mfcc-feats.cc:173) Processed features for key 07-001
VLOG[2] (compute-mfcc-feats[5.5]:main():compute-mfcc-feats.cc:173) Processed features for key 07-002
VLOG[2] (compute-mfcc-feats[5.5]:main():compute-mfcc-feats.cc:173) Processed features for key 07-003
VLOG[2] (compute-mfcc-feats[5.5]:main():compute-mfcc-feats.cc:173) Processed features for key 07-004
VLOG[2] (compute-mfcc-feats[5.5]:main():compute-mfcc-feats.cc:173) Processed features for key 07-005
VLOG[2] (compute-mfcc-feats[5.5]:main():compute-mfcc-feats.cc:173) Processed features for key 07-006
VLOG[2] (compute-mfcc-feats[5.5]:main():compute-mfcc-feats.cc:173) Processed features for key 07-007
LOG (compute-mfcc-feats[5.5]:main():compute-mfcc-feats.cc:172) Processed 150 utterances
VLOG[2] (compute-mfcc-feats[5.5]:main():compute-mfcc-feats.cc:173) Processed features for key 07-008
VLOG[2] (compute-mfcc-feats[5.5]:main():compute-mfcc-feats.cc:173) Processed features for key 07-009
VLOG[2] (compute-mfcc-feats[5.5]:main():compute-mfcc-feats.cc:173) Processed features for key 07-010
VLOG[2] (compute-mfcc-feats[5.5]:main():compute-mfcc-feats.cc:173) Processed features for key 07-011
VLOG[2] (compute-mfcc-feats[5.5]:main():compute-mfcc-feats.cc:173) Processed features for key 07-012
VLOG[2] (compute-mfcc-feats[5.5]:main():compute-mfcc-feats.cc:173) Processed features for key 07-013
VLOG[2] (compute-mfcc-feats[5.5]:main():compute-mfcc-feats.cc:173) Processed features for key 07-014
VLOG[2] (compute-mfcc-feats[5.5]:main():compute-mfcc-feats.cc:173) Processed features for key 07-015
VLOG[2] (compute-mfcc-feats[5.5]:main():compute-mfcc-feats.cc:173) Processed features for key 07-016
VLOG[2] (compute-mfcc-feats[5.5]:main():compute-mfcc-feats.cc:173) Processed features for key 07-017
LOG (compute-mfcc-feats[5.5]:main():compute-mfcc-feats.cc:172) Processed 160 utterances
VLOG[2] (compute-mfcc-feats[5.5]:main():compute-mfcc-feats.cc:173) Processed features for key 07-018
VLOG[2] (compute-mfcc-feats[5.5]:main():compute-mfcc-feats.cc:173) Processed features for key 07-019
VLOG[2] (compute-mfcc-feats[5.5]:main():compute-mfcc-feats.cc:173) Processed features for key 07-020
VLOG[2] (compute-mfcc-feats[5.5]:main():compute-mfcc-feats.cc:173) Processed features for key 07-021
VLOG[2] (compute-mfcc-feats[5.5]:main():compute-mfcc-feats.cc:173) Processed features for key 07-022
VLOG[2] (compute-mfcc-feats[5.5]:main():compute-mfcc-feats.cc:173) Processed features for key 07-023
VLOG[2] (compute-mfcc-feats[5.5]:main():compute-mfcc-feats.cc:173) Processed features for key 07-024
VLOG[2] (compute-mfcc-feats[5.5]:main():compute-mfcc-feats.cc:173) Processed features for key 07-025
VLOG[2] (compute-mfcc-feats[5.5]:main():compute-mfcc-feats.cc:173) Processed features for key 07-026
VLOG[2] (compute-mfcc-feats[5.5]:main():compute-mfcc-feats.cc:173) Processed features for key 07-027
LOG (compute-mfcc-feats[5.5]:main():compute-mfcc-feats.cc:172) Processed 170 utterances
VLOG[2] (compute-mfcc-feats[5.5]:main():compute-mfcc-feats.cc:173) Processed features for key 07-028
VLOG[2] (compute-mfcc-feats[5.5]:main():compute-mfcc-feats.cc:173) Processed features for key 07-029
VLOG[2] (compute-mfcc-feats[5.5]:main():compute-mfcc-feats.cc:173) Processed features for key 07-030
VLOG[2] (compute-mfcc-feats[5.5]:main():compute-mfcc-feats.cc:173) Processed features for key 07-031
VLOG[2] (compute-mfcc-feats[5.5]:main():compute-mfcc-feats.cc:173) Processed features for key 07-032
VLOG[2] (compute-mfcc-feats[5.5]:main():compute-mfcc-feats.cc:173) Processed features for key 07-033
VLOG[2] (compute-mfcc-feats[5.5]:main():compute-mfcc-feats.cc:173) Processed features for key 07-034
VLOG[2] (compute-mfcc-feats[5.5]:main():compute-mfcc-feats.cc:173) Processed features for key 07-035
VLOG[2] (compute-mfcc-feats[5.5]:main():compute-mfcc-feats.cc:173) Processed features for key 07-036
VLOG[2] (compute-mfcc-feats[5.5]:main():compute-mfcc-feats.cc:173) Processed features for key 07-037
LOG (compute-mfcc-feats[5.5]:main():compute-mfcc-feats.cc:172) Processed 180 utterances
VLOG[2] (compute-mfcc-feats[5.5]:main():compute-mfcc-feats.cc:173) Processed features for key 07-038
VLOG[2] (compute-mfcc-feats[5.5]:main():compute-mfcc-feats.cc:173) Processed features for key 07-039
VLOG[2] (compute-mfcc-feats[5.5]:main():compute-mfcc-feats.cc:173) Processed features for key 07-040
VLOG[2] (compute-mfcc-feats[5.5]:main():compute-mfcc-feats.cc:173) Processed features for key 07-041
VLOG[2] (compute-mfcc-feats[5.5]:main():compute-mfcc-feats.cc:173) Processed features for key 07-042
VLOG[2] (compute-mfcc-feats[5.5]:main():compute-mfcc-feats.cc:173) Processed features for key 07-043
VLOG[2] (compute-mfcc-feats[5.5]:main():compute-mfcc-feats.cc:173) Processed features for key 07-044
VLOG[2] (compute-mfcc-feats[5.5]:main():compute-mfcc-feats.cc:173) Processed features for key 07-045
VLOG[2] (compute-mfcc-feats[5.5]:main():compute-mfcc-feats.cc:173) Processed features for key 07-046
VLOG[2] (compute-mfcc-feats[5.5]:main():compute-mfcc-feats.cc:173) Processed features for key 07-047
LOG (compute-mfcc-feats[5.5]:main():compute-mfcc-feats.cc:172) Processed 190 utterances
VLOG[2] (compute-mfcc-feats[5.5]:main():compute-mfcc-feats.cc:173) Processed features for key 07-048
VLOG[2] (compute-mfcc-feats[5.5]:main():compute-mfcc-feats.cc:173) Processed features for key 07-049
VLOG[2] (compute-mfcc-feats[5.5]:main():compute-mfcc-feats.cc:173) Processed features for key 07-050
VLOG[2] (compute-mfcc-feats[5.5]:main():compute-mfcc-feats.cc:173) Processed features for key 07-051
VLOG[2] (compute-mfcc-feats[5.5]:main():compute-mfcc-feats.cc:173) Processed features for key 07-052
VLOG[2] (compute-mfcc-feats[5.5]:main():compute-mfcc-feats.cc:173) Processed features for key 07-053
VLOG[2] (compute-mfcc-feats[5.5]:main():compute-mfcc-feats.cc:173) Processed features for key 07-054
VLOG[2] (compute-mfcc-feats[5.5]:main():compute-mfcc-feats.cc:173) Processed features for key 07-055
VLOG[2] (compute-mfcc-feats[5.5]:main():compute-mfcc-feats.cc:173) Processed features for key 07-056
VLOG[2] (compute-mfcc-feats[5.5]:main():compute-mfcc-feats.cc:173) Processed features for key 07-057
LOG (compute-mfcc-feats[5.5]:main():compute-mfcc-feats.cc:172) Processed 200 utterances
VLOG[2] (compute-mfcc-feats[5.5]:main():compute-mfcc-feats.cc:173) Processed features for key 07-058
VLOG[2] (compute-mfcc-feats[5.5]:main():compute-mfcc-feats.cc:173) Processed features for key 07-059
VLOG[2] (compute-mfcc-feats[5.5]:main():compute-mfcc-feats.cc:173) Processed features for key 07-060
VLOG[2] (compute-mfcc-feats[5.5]:main():compute-mfcc-feats.cc:173) Processed features for key 07-061
VLOG[2] (compute-mfcc-feats[5.5]:main():compute-mfcc-feats.cc:173) Processed features for key 07-062
VLOG[2] (compute-mfcc-feats[5.5]:main():compute-mfcc-feats.cc:173) Processed features for key 07-063
VLOG[2] (compute-mfcc-feats[5.5]:main():compute-mfcc-feats.cc:173) Processed features for key 07-064
VLOG[2] (compute-mfcc-feats[5.5]:main():compute-mfcc-feats.cc:173) Processed features for key 07-065
VLOG[2] (compute-mfcc-feats[5.5]:main():compute-mfcc-feats.cc:173) Processed features for key 07-066
VLOG[2] (compute-mfcc-feats[5.5]:main():compute-mfcc-feats.cc:173) Processed features for key 07-067
LOG (compute-mfcc-feats[5.5]:main():compute-mfcc-feats.cc:172) Processed 210 utterances
VLOG[2] (compute-mfcc-feats[5.5]:main():compute-mfcc-feats.cc:173) Processed features for key 07-068
VLOG[2] (compute-mfcc-feats[5.5]:main():compute-mfcc-feats.cc:173) Processed features for key 07-069
VLOG[2] (compute-mfcc-feats[5.5]:main():compute-mfcc-feats.cc:173) Processed features for key 07-070
VLOG[2] (compute-mfcc-feats[5.5]:main():compute-mfcc-feats.cc:173) Processed features for key 07-071
VLOG[2] (compute-mfcc-feats[5.5]:main():compute-mfcc-feats.cc:173) Processed features for key 08-001
VLOG[2] (compute-mfcc-feats[5.5]:main():compute-mfcc-feats.cc:173) Processed features for key 08-002
VLOG[2] (compute-mfcc-feats[5.5]:main():compute-mfcc-feats.cc:173) Processed features for key 08-003
VLOG[2] (compute-mfcc-feats[5.5]:main():compute-mfcc-feats.cc:173) Processed features for key 08-004
VLOG[2] (compute-mfcc-feats[5.5]:main():compute-mfcc-feats.cc:173) Processed features for key 08-005
VLOG[2] (compute-mfcc-feats[5.5]:main():compute-mfcc-feats.cc:173) Processed features for key 08-006
LOG (compute-mfcc-feats[5.5]:main():compute-mfcc-feats.cc:172) Processed 220 utterances
VLOG[2] (compute-mfcc-feats[5.5]:main():compute-mfcc-feats.cc:173) Processed features for key 08-007
VLOG[2] (compute-mfcc-feats[5.5]:main():compute-mfcc-feats.cc:173) Processed features for key 08-008
VLOG[2] (compute-mfcc-feats[5.5]:main():compute-mfcc-feats.cc:173) Processed features for key 08-009
VLOG[2] (compute-mfcc-feats[5.5]:main():compute-mfcc-feats.cc:173) Processed features for key 08-010
VLOG[2] (compute-mfcc-feats[5.5]:main():compute-mfcc-feats.cc:173) Processed features for key 08-011
VLOG[2] (compute-mfcc-feats[5.5]:main():compute-mfcc-feats.cc:173) Processed features for key 08-012
VLOG[2] (compute-mfcc-feats[5.5]:main():compute-mfcc-feats.cc:173) Processed features for key 08-013
VLOG[2] (compute-mfcc-feats[5.5]:main():compute-mfcc-feats.cc:173) Processed features for key 08-014
VLOG[2] (compute-mfcc-feats[5.5]:main():compute-mfcc-feats.cc:173) Processed features for key 08-015
VLOG[2] (compute-mfcc-feats[5.5]:main():compute-mfcc-feats.cc:173) Processed features for key 08-016
LOG (compute-mfcc-feats[5.5]:main():compute-mfcc-feats.cc:172) Processed 230 utterances
VLOG[2] (compute-mfcc-feats[5.5]:main():compute-mfcc-feats.cc:173) Processed features for key 08-017
VLOG[2] (compute-mfcc-feats[5.5]:main():compute-mfcc-feats.cc:173) Processed features for key 08-018
VLOG[2] (compute-mfcc-feats[5.5]:main():compute-mfcc-feats.cc:173) Processed features for key 08-019
VLOG[2] (compute-mfcc-feats[5.5]:main():compute-mfcc-feats.cc:173) Processed features for key 08-020
VLOG[2] (compute-mfcc-feats[5.5]:main():compute-mfcc-feats.cc:173) Processed features for key 08-021
VLOG[2] (compute-mfcc-feats[5.5]:main():compute-mfcc-feats.cc:173) Processed features for key 08-022
VLOG[2] (compute-mfcc-feats[5.5]:main():compute-mfcc-feats.cc:173) Processed features for key 08-023
VLOG[2] (compute-mfcc-feats[5.5]:main():compute-mfcc-feats.cc:173) Processed features for key 08-024
VLOG[2] (compute-mfcc-feats[5.5]:main():compute-mfcc-feats.cc:173) Processed features for key 08-025
VLOG[2] (compute-mfcc-feats[5.5]:main():compute-mfcc-feats.cc:173) Processed features for key 08-026
LOG (compute-mfcc-feats[5.5]:main():compute-mfcc-feats.cc:172) Processed 240 utterances
VLOG[2] (compute-mfcc-feats[5.5]:main():compute-mfcc-feats.cc:173) Processed features for key 08-027
VLOG[2] (compute-mfcc-feats[5.5]:main():compute-mfcc-feats.cc:173) Processed features for key 08-028
VLOG[2] (compute-mfcc-feats[5.5]:main():compute-mfcc-feats.cc:173) Processed features for key 08-029
VLOG[2] (compute-mfcc-feats[5.5]:main():compute-mfcc-feats.cc:173) Processed features for key 08-030
VLOG[2] (compute-mfcc-feats[5.5]:main():compute-mfcc-feats.cc:173) Processed features for key 08-031
VLOG[2] (compute-mfcc-feats[5.5]:main():compute-mfcc-feats.cc:173) Processed features for key 08-032
VLOG[2] (compute-mfcc-feats[5.5]:main():compute-mfcc-feats.cc:173) Processed features for key 08-033
VLOG[2] (compute-mfcc-feats[5.5]:main():compute-mfcc-feats.cc:173) Processed features for key 08-034
VLOG[2] (compute-mfcc-feats[5.5]:main():compute-mfcc-feats.cc:173) Processed features for key 08-035
VLOG[2] (compute-mfcc-feats[5.5]:main():compute-mfcc-feats.cc:173) Processed features for key 08-036
LOG (compute-mfcc-feats[5.5]:main():compute-mfcc-feats.cc:172) Processed 250 utterances
VLOG[2] (compute-mfcc-feats[5.5]:main():compute-mfcc-feats.cc:173) Processed features for key 08-037
VLOG[2] (compute-mfcc-feats[5.5]:main():compute-mfcc-feats.cc:173) Processed features for key 08-038
VLOG[2] (compute-mfcc-feats[5.5]:main():compute-mfcc-feats.cc:173) Processed features for key 08-039
VLOG[2] (compute-mfcc-feats[5.5]:main():compute-mfcc-feats.cc:173) Processed features for key 08-040
VLOG[2] (compute-mfcc-feats[5.5]:main():compute-mfcc-feats.cc:173) Processed features for key 08-041
VLOG[2] (compute-mfcc-feats[5.5]:main():compute-mfcc-feats.cc:173) Processed features for key 08-042
VLOG[2] (compute-mfcc-feats[5.5]:main():compute-mfcc-feats.cc:173) Processed features for key 08-043
VLOG[2] (compute-mfcc-feats[5.5]:main():compute-mfcc-feats.cc:173) Processed features for key 08-044
VLOG[2] (compute-mfcc-feats[5.5]:main():compute-mfcc-feats.cc:173) Processed features for key 08-045
VLOG[2] (compute-mfcc-feats[5.5]:main():compute-mfcc-feats.cc:173) Processed features for key 08-046
LOG (compute-mfcc-feats[5.5]:main():compute-mfcc-feats.cc:172) Processed 260 utterances
VLOG[2] (compute-mfcc-feats[5.5]:main():compute-mfcc-feats.cc:173) Processed features for key 08-047
VLOG[2] (compute-mfcc-feats[5.5]:main():compute-mfcc-feats.cc:173) Processed features for key 08-048
VLOG[2] (compute-mfcc-feats[5.5]:main():compute-mfcc-feats.cc:173) Processed features for key 08-049
VLOG[2] (compute-mfcc-feats[5.5]:main():compute-mfcc-feats.cc:173) Processed features for key 08-050
VLOG[2] (compute-mfcc-feats[5.5]:main():compute-mfcc-feats.cc:173) Processed features for key 08-051
VLOG[2] (compute-mfcc-feats[5.5]:main():compute-mfcc-feats.cc:173) Processed features for key 08-052
VLOG[2] (compute-mfcc-feats[5.5]:main():compute-mfcc-feats.cc:173) Processed features for key 08-053
VLOG[2] (compute-mfcc-feats[5.5]:main():compute-mfcc-feats.cc:173) Processed features for key 08-054
VLOG[2] (compute-mfcc-feats[5.5]:main():compute-mfcc-feats.cc:173) Processed features for key 08-055
VLOG[2] (compute-mfcc-feats[5.5]:main():compute-mfcc-feats.cc:173) Processed features for key 08-056
LOG (compute-mfcc-feats[5.5]:main():compute-mfcc-feats.cc:172) Processed 270 utterances
VLOG[2] (compute-mfcc-feats[5.5]:main():compute-mfcc-feats.cc:173) Processed features for key 08-057
VLOG[2] (compute-mfcc-feats[5.5]:main():compute-mfcc-feats.cc:173) Processed features for key 08-058
VLOG[2] (compute-mfcc-feats[5.5]:main():compute-mfcc-feats.cc:173) Processed features for key 08-059
VLOG[2] (compute-mfcc-feats[5.5]:main():compute-mfcc-feats.cc:173) Processed features for key 08-060
VLOG[2] (compute-mfcc-feats[5.5]:main():compute-mfcc-feats.cc:173) Processed features for key 08-061
VLOG[2] (compute-mfcc-feats[5.5]:main():compute-mfcc-feats.cc:173) Processed features for key 08-062
VLOG[2] (compute-mfcc-feats[5.5]:main():compute-mfcc-feats.cc:173) Processed features for key 08-063
VLOG[2] (compute-mfcc-feats[5.5]:main():compute-mfcc-feats.cc:173) Processed features for key 08-064
VLOG[2] (compute-mfcc-feats[5.5]:main():compute-mfcc-feats.cc:173) Processed features for key 08-065
VLOG[2] (compute-mfcc-feats[5.5]:main():compute-mfcc-feats.cc:173) Processed features for key 08-066
LOG (compute-mfcc-feats[5.5]:main():compute-mfcc-feats.cc:172) Processed 280 utterances
VLOG[2] (compute-mfcc-feats[5.5]:main():compute-mfcc-feats.cc:173) Processed features for key 08-067
VLOG[2] (compute-mfcc-feats[5.5]:main():compute-mfcc-feats.cc:173) Processed features for key 08-068
VLOG[2] (compute-mfcc-feats[5.5]:main():compute-mfcc-feats.cc:173) Processed features for key 08-069
VLOG[2] (compute-mfcc-feats[5.5]:main():compute-mfcc-feats.cc:173) Processed features for key 08-070
VLOG[2] (compute-mfcc-feats[5.5]:main():compute-mfcc-feats.cc:173) Processed features for key 08-071
LOG (compute-mfcc-feats[5.5]:main():compute-mfcc-feats.cc:176)  Done 284 out of 284 utterances.
LOG (copy-feats[5.5]:main():copy-feats.cc:143) Copied 284 feature matrices.
# Accounting: time=2 threads=1
# Ended (code 0) at Mon Feb 25 10:32:20 CST 2019, elapsed time 2 seconds
